{"error":{},"level":"error","message":"uncaughtException: requestLogger is not defined\nReferenceError: requestLogger is not defined\n    at Object.<anonymous> (/Users/joan/Documents/Louji/Project/QuickBooks/api/books.js:24:5)\n    at Module._compile (internal/modules/cjs/loader.js:689:30)\n    at Object.Module._extensions..js (internal/modules/cjs/loader.js:700:10)\n    at Module.load (internal/modules/cjs/loader.js:599:32)\n    at tryModuleLoad (internal/modules/cjs/loader.js:538:12)\n    at Function.Module._load (internal/modules/cjs/loader.js:530:3)\n    at Function.Module.runMain (internal/modules/cjs/loader.js:742:12)\n    at startup (internal/bootstrap/node.js:279:19)\n    at bootstrapNodeJSCore (internal/bootstrap/node.js:696:3)","stack":"ReferenceError: requestLogger is not defined\n    at Object.<anonymous> (/Users/joan/Documents/Louji/Project/QuickBooks/api/books.js:24:5)\n    at Module._compile (internal/modules/cjs/loader.js:689:30)\n    at Object.Module._extensions..js (internal/modules/cjs/loader.js:700:10)\n    at Module.load (internal/modules/cjs/loader.js:599:32)\n    at tryModuleLoad (internal/modules/cjs/loader.js:538:12)\n    at Function.Module._load (internal/modules/cjs/loader.js:530:3)\n    at Function.Module.runMain (internal/modules/cjs/loader.js:742:12)\n    at startup (internal/bootstrap/node.js:279:19)\n    at bootstrapNodeJSCore (internal/bootstrap/node.js:696:3)","exception":true,"date":"Sat Feb 20 2021 21:11:11 GMT+0530 (India Standard Time)","process":{"pid":86643,"uid":501,"gid":20,"cwd":"/Users/joan/Documents/Louji/Project/QuickBooks/api","execPath":"/Users/joan/.nvm/versions/node/v10.10.0/bin/node","version":"v10.10.0","argv":["/Users/joan/.nvm/versions/node/v10.10.0/bin/node","/Users/joan/Documents/Louji/Project/QuickBooks/api/books.js"],"memoryUsage":{"rss":71950336,"heapTotal":62124032,"heapUsed":29105568,"external":18378817}},"os":{"loadavg":[7.951171875,5.09326171875,4.07275390625],"uptime":1231122},"trace":[{"column":5,"file":"/Users/joan/Documents/Louji/Project/QuickBooks/api/books.js","function":null,"line":24,"method":null,"native":false},{"column":30,"file":"internal/modules/cjs/loader.js","function":"Module._compile","line":689,"method":"_compile","native":false},{"column":10,"file":"internal/modules/cjs/loader.js","function":"Module._extensions..js","line":700,"method":".js","native":false},{"column":32,"file":"internal/modules/cjs/loader.js","function":"Module.load","line":599,"method":"load","native":false},{"column":12,"file":"internal/modules/cjs/loader.js","function":"tryModuleLoad","line":538,"method":null,"native":false},{"column":3,"file":"internal/modules/cjs/loader.js","function":"Module._load","line":530,"method":"_load","native":false},{"column":12,"file":"internal/modules/cjs/loader.js","function":"Module.runMain","line":742,"method":"runMain","native":false},{"column":19,"file":"internal/bootstrap/node.js","function":"startup","line":279,"method":null,"native":false},{"column":3,"file":"internal/bootstrap/node.js","function":"bootstrapNodeJSCore","line":696,"method":null,"native":false}]}
{"error":{},"level":"error","message":"uncaughtException: requestLogger is not defined\nReferenceError: requestLogger is not defined\n    at Object.<anonymous> (/Users/joan/Documents/Louji/Project/QuickBooks/api/books.js:24:5)\n    at Module._compile (internal/modules/cjs/loader.js:689:30)\n    at Object.Module._extensions..js (internal/modules/cjs/loader.js:700:10)\n    at Module.load (internal/modules/cjs/loader.js:599:32)\n    at tryModuleLoad (internal/modules/cjs/loader.js:538:12)\n    at Function.Module._load (internal/modules/cjs/loader.js:530:3)\n    at Function.Module.runMain (internal/modules/cjs/loader.js:742:12)\n    at startup (internal/bootstrap/node.js:279:19)\n    at bootstrapNodeJSCore (internal/bootstrap/node.js:696:3)","stack":"ReferenceError: requestLogger is not defined\n    at Object.<anonymous> (/Users/joan/Documents/Louji/Project/QuickBooks/api/books.js:24:5)\n    at Module._compile (internal/modules/cjs/loader.js:689:30)\n    at Object.Module._extensions..js (internal/modules/cjs/loader.js:700:10)\n    at Module.load (internal/modules/cjs/loader.js:599:32)\n    at tryModuleLoad (internal/modules/cjs/loader.js:538:12)\n    at Function.Module._load (internal/modules/cjs/loader.js:530:3)\n    at Function.Module.runMain (internal/modules/cjs/loader.js:742:12)\n    at startup (internal/bootstrap/node.js:279:19)\n    at bootstrapNodeJSCore (internal/bootstrap/node.js:696:3)","exception":true,"date":"Sat Feb 20 2021 21:11:31 GMT+0530 (India Standard Time)","process":{"pid":86657,"uid":501,"gid":20,"cwd":"/Users/joan/Documents/Louji/Project/QuickBooks/api","execPath":"/Users/joan/.nvm/versions/node/v10.10.0/bin/node","version":"v10.10.0","argv":["/Users/joan/.nvm/versions/node/v10.10.0/bin/node","/Users/joan/Documents/Louji/Project/QuickBooks/api/books.js"],"memoryUsage":{"rss":68362240,"heapTotal":60026880,"heapUsed":35642752,"external":19761197}},"os":{"loadavg":[6.10302734375,4.85888671875,4.01220703125],"uptime":1231142},"trace":[{"column":5,"file":"/Users/joan/Documents/Louji/Project/QuickBooks/api/books.js","function":null,"line":24,"method":null,"native":false},{"column":30,"file":"internal/modules/cjs/loader.js","function":"Module._compile","line":689,"method":"_compile","native":false},{"column":10,"file":"internal/modules/cjs/loader.js","function":"Module._extensions..js","line":700,"method":".js","native":false},{"column":32,"file":"internal/modules/cjs/loader.js","function":"Module.load","line":599,"method":"load","native":false},{"column":12,"file":"internal/modules/cjs/loader.js","function":"tryModuleLoad","line":538,"method":null,"native":false},{"column":3,"file":"internal/modules/cjs/loader.js","function":"Module._load","line":530,"method":"_load","native":false},{"column":12,"file":"internal/modules/cjs/loader.js","function":"Module.runMain","line":742,"method":"runMain","native":false},{"column":19,"file":"internal/bootstrap/node.js","function":"startup","line":279,"method":null,"native":false},{"column":3,"file":"internal/bootstrap/node.js","function":"bootstrapNodeJSCore","line":696,"method":null,"native":false}]}
{"message":"from winston","level":"info"}
{"message":"Started : POST /auth/login","level":"info"}
{"message":"Body : {\"email\":\"sjlouji10@gmail.com\",\"password\":\"joan\"}","level":"info"}
{"message":"IP : ::1 User-Agent : Other 0.0.0 / Other 0.0.0","level":"info"}
{"message":"Ended : POST /auth/login 404 235ms","level":"info"}
{"message":"Started : PUT /auth/update","level":"info"}
{"message":"Body : {\"first_name\":\"Louji\"}","level":"info"}
{"message":"IP : ::1 User-Agent : Other 0.0.0 / Other 0.0.0","level":"info"}
{"message":"Ended : PUT /auth/update 401 3ms","level":"info"}
{"message":"Started : GET /auth/secret","level":"info"}
{"message":"Body : {}","level":"info"}
{"message":"IP : ::1 User-Agent : Other 0.0.0 / Other 0.0.0","level":"info"}
{"message":"Ended : GET /auth/secret 401 1ms","level":"info"}
{"message":"from winston","level":"info"}
{"message":"Started : GET /auth/secret","level":"info"}
{"message":"Body : {}","level":"info"}
{"message":"IP : ::1 User-Agent : Other 0.0.0 / Other 0.0.0","level":"info"}
{"message":"Ended : GET /auth/secret 401 40ms","level":"info"}
{"message":"Started : POST /auth/login","level":"info"}
{"message":"Body : {\"email\":\"sjlouji10@gmail.com\",\"password\":\"joan\"}","level":"info"}
{"message":"IP : ::1 User-Agent : Other 0.0.0 / Other 0.0.0","level":"info"}
{"message":"Ended : POST /auth/login 404 292ms","level":"info"}
{"message":"from winston","level":"info"}
{"message":"Started : POST /auth/login","level":"info"}
{"message":"Body : {\"email\":\"sjlouji10@gmail.com\",\"password\":\"joan\"}","level":"info"}
{"message":"IP : ::1 User-Agent : Other 0.0.0 / Other 0.0.0","level":"info"}
{"message":"Ended : POST /auth/login 404 225ms","level":"info"}
{"message":"Started : POST /auth/login","level":"info"}
{"message":"Body : {\"email\":\"sjlouji10@gmail.com\",\"password\":\"joan\"}","level":"info"}
{"message":"IP : ::1 User-Agent : Other 0.0.0 / Other 0.0.0","level":"info"}
{"message":"Ended : POST /auth/login 404 188ms","level":"info"}
{"message":"Started : POST /auth/login","level":"info"}
{"message":"Body : {\"email\":\"sjlouji10@gmail.com\",\"password\":\"joan\"}","level":"info"}
{"message":"IP : ::1 User-Agent : Other 0.0.0 / Other 0.0.0","level":"info"}
{"message":"Ended : POST /auth/login 404 151ms","level":"info"}
{"message":"from winston","level":"info"}
{"message":"Started : POST /auth/login","level":"info"}
{"message":"Body : {\"email\":\"sjlouji10@gmail.com\",\"password\":\"joan\"}","level":"info"}
{"message":"IP : ::1 User-Agent : Other 0.0.0 / Other 0.0.0","level":"info"}
{"message":"Ended : POST /auth/login 404 319ms","level":"info"}
{"message":"from winston","level":"info"}
{"message":"Started : POST /auth/login","level":"info"}
{"message":"Body : {\"email\":\"sjlouji10@gmail.com\",\"password\":\"joan\"}","level":"info"}
{"message":"IP : ::1 User-Agent : Other 0.0.0 / Other 0.0.0","level":"info"}
{"message":"Ended : POST /auth/login 404 262ms","level":"info"}
{"message":"from winston","level":"info"}
{"message":"Started : POST /auth/login","level":"info"}
{"message":"Body : {\"email\":\"sjlouji10@gmail.com\",\"password\":\"joan\"}","level":"info"}
{"message":"IP : ::1 User-Agent : Other 0.0.0 / Other 0.0.0","level":"info"}
{"message":"Ended : POST /auth/login 404 237ms","level":"info"}
{"message":"from winston","level":"info"}
{"message":"Started : POST /auth/login","level":"info"}
{"message":"Body : {\"email\":\"sjlouji10@gmail.com\",\"password\":\"joan\"}","level":"info"}
{"message":"IP : ::1 User-Agent : Other 0.0.0 / Other 0.0.0","level":"info"}
{"message":"Ended : POST /auth/login 404 267ms","level":"info"}
{"message":"from winston","level":"info"}
{"message":"Started : POST /auth/login","level":"info"}
{"message":"Body : {\"email\":\"sjlouji10@gmail.com\",\"password\":\"joan\"}","level":"info"}
{"message":"IP : ::1 User-Agent : Other 0.0.0 / Other 0.0.0","level":"info"}
{"message":"Ended : POST /auth/login 404 370ms","level":"info"}
{"message":"from winston","level":"info"}
{"message":"Started : POST /auth/login","level":"info"}
{"message":"Body : {\"email\":\"sjlouji10@gmail.com\",\"password\":\"joan\"}","level":"info"}
{"message":"IP : ::1 User-Agent : Other 0.0.0 / Other 0.0.0","level":"info"}
{"message":"Ended : POST /auth/login 404 311ms","level":"info"}
{"message":"from winston","level":"info"}
{"message":"from winston","level":"info"}
{"message":"from winston","level":"info"}
{"message":"from winston","level":"info"}
{"message":"from winston","level":"info"}
